{"numTotalTestSuites":32,"numPassedTestSuites":32,"numFailedTestSuites":0,"numPendingTestSuites":0,"numTotalTests":83,"numPassedTests":83,"numFailedTests":0,"numPendingTests":0,"numTodoTests":0,"snapshot":{"added":0,"failure":false,"filesAdded":0,"filesRemoved":0,"filesRemovedList":[],"filesUnmatched":0,"filesUpdated":0,"matched":0,"total":0,"unchecked":0,"uncheckedKeysByFile":[],"unmatched":0,"updated":0,"didUpdate":false},"startTime":1764253932422,"success":true,"testResults":[{"assertionResults":[{"ancestorTitles":["CreateGameDialog"],"fullName":"CreateGameDialog should render the trigger button","status":"passed","title":"should render the trigger button","duration":48.38619399999993,"failureMessages":[],"meta":{}},{"ancestorTitles":["CreateGameDialog"],"fullName":"CreateGameDialog should open dialog when trigger is clicked","status":"passed","title":"should open dialog when trigger is clicked","duration":66.15650499999992,"failureMessages":[],"meta":{}},{"ancestorTitles":["CreateGameDialog"],"fullName":"CreateGameDialog should have a name input field","status":"passed","title":"should have a name input field","duration":29.567838000000165,"failureMessages":[],"meta":{}},{"ancestorTitles":["CreateGameDialog"],"fullName":"CreateGameDialog should call API when form is submitted with valid name","status":"passed","title":"should call API when form is submitted with valid name","duration":99.42444800000021,"failureMessages":[],"meta":{}},{"ancestorTitles":["CreateGameDialog"],"fullName":"CreateGameDialog should not call API when name is empty","status":"passed","title":"should not call API when name is empty","duration":41.42958399999998,"failureMessages":[],"meta":{}}],"startTime":1764253936250,"endTime":1764253936535.4297,"status":"passed","message":"","name":"/Users/filipljoljic/Desktop/board-game-tracker/components/create-game-dialog.test.tsx"},{"assertionResults":[{"ancestorTitles":["CreateGroupDialog"],"fullName":"CreateGroupDialog should render the trigger button","status":"passed","title":"should render the trigger button","duration":59.563024999999925,"failureMessages":[],"meta":{}},{"ancestorTitles":["CreateGroupDialog"],"fullName":"CreateGroupDialog should open dialog when clicked","status":"passed","title":"should open dialog when clicked","duration":80.94609300000002,"failureMessages":[],"meta":{}},{"ancestorTitles":["CreateGroupDialog"],"fullName":"CreateGroupDialog should have name input","status":"passed","title":"should have name input","duration":31.70126099999993,"failureMessages":[],"meta":{}},{"ancestorTitles":["CreateGroupDialog"],"fullName":"CreateGroupDialog should submit form and create group","status":"passed","title":"should submit form and create group","duration":164.59686199999987,"failureMessages":[],"meta":{}},{"ancestorTitles":["CreateGroupDialog"],"fullName":"CreateGroupDialog should close dialog after successful submission","status":"passed","title":"should close dialog after successful submission","duration":111.58433100000002,"failureMessages":[],"meta":{}}],"startTime":1764253934465,"endTime":1764253934914.5842,"status":"passed","message":"","name":"/Users/filipljoljic/Desktop/board-game-tracker/components/create-group-dialog.test.tsx"},{"assertionResults":[{"ancestorTitles":["aggregatePlayerStats"],"fullName":"aggregatePlayerStats should aggregate stats for single player","status":"passed","title":"should aggregate stats for single player","duration":1.7704420000000027,"failureMessages":[],"meta":{}},{"ancestorTitles":["aggregatePlayerStats"],"fullName":"aggregatePlayerStats should aggregate stats for multiple players","status":"passed","title":"should aggregate stats for multiple players","duration":0.40577399999995123,"failureMessages":[],"meta":{}},{"ancestorTitles":["aggregatePlayerStats"],"fullName":"aggregatePlayerStats should track last place correctly","status":"passed","title":"should track last place correctly","duration":0.24159399999996367,"failureMessages":[],"meta":{}},{"ancestorTitles":["aggregatePlayerStats"],"fullName":"aggregatePlayerStats should handle empty sessions","status":"passed","title":"should handle empty sessions","duration":0.20311900000001515,"failureMessages":[],"meta":{}},{"ancestorTitles":["aggregatePlayerStats"],"fullName":"aggregatePlayerStats should calculate win rate correctly","status":"passed","title":"should calculate win rate correctly","duration":0.28422599999998965,"failureMessages":[],"meta":{}},{"ancestorTitles":["sortLeaderboard"],"fullName":"sortLeaderboard should sort by total points descending","status":"passed","title":"should sort by total points descending","duration":0.3015859999999293,"failureMessages":[],"meta":{}},{"ancestorTitles":["sortLeaderboard"],"fullName":"sortLeaderboard should break ties by games played (fewer is better)","status":"passed","title":"should break ties by games played (fewer is better)","duration":0.16835900000000947,"failureMessages":[],"meta":{}},{"ancestorTitles":["sortLeaderboard"],"fullName":"sortLeaderboard should break secondary ties by wins","status":"passed","title":"should break secondary ties by wins","duration":0.15150099999993927,"failureMessages":[],"meta":{}},{"ancestorTitles":["sortLeaderboard"],"fullName":"sortLeaderboard should handle empty array","status":"passed","title":"should handle empty array","duration":0.6986590000000206,"failureMessages":[],"meta":{}},{"ancestorTitles":["calculateWinRate"],"fullName":"calculateWinRate should calculate win rate correctly","status":"passed","title":"should calculate win rate correctly","duration":0.2894250000000511,"failureMessages":[],"meta":{}},{"ancestorTitles":["calculateWinRate"],"fullName":"calculateWinRate should return 0 for no sessions","status":"passed","title":"should return 0 for no sessions","duration":0.1524010000000544,"failureMessages":[],"meta":{}},{"ancestorTitles":["calculateWinRate"],"fullName":"calculateWinRate should return 0 for user with no wins","status":"passed","title":"should return 0 for user with no wins","duration":0.14630099999999402,"failureMessages":[],"meta":{}},{"ancestorTitles":["calculateWinRate"],"fullName":"calculateWinRate should return 100 for user with all wins","status":"passed","title":"should return 100 for user with all wins","duration":0.13086299999997664,"failureMessages":[],"meta":{}},{"ancestorTitles":["getTopPlayers"],"fullName":"getTopPlayers should return top N players","status":"passed","title":"should return top N players","duration":1.0248309999999492,"failureMessages":[],"meta":{}},{"ancestorTitles":["getTopPlayers"],"fullName":"getTopPlayers should default to top 10","status":"passed","title":"should default to top 10","duration":0.28742299999998977,"failureMessages":[],"meta":{}},{"ancestorTitles":["calculatePlayerRank"],"fullName":"calculatePlayerRank should return correct rank","status":"passed","title":"should return correct rank","duration":0.2295129999999972,"failureMessages":[],"meta":{}},{"ancestorTitles":["calculatePlayerRank"],"fullName":"calculatePlayerRank should return 0 for non-existent player","status":"passed","title":"should return 0 for non-existent player","duration":0.1534470000000283,"failureMessages":[],"meta":{}},{"ancestorTitles":["getStatsSummary"],"fullName":"getStatsSummary should format stats for display","status":"passed","title":"should format stats for display","duration":0.29761199999995824,"failureMessages":[],"meta":{}}],"startTime":1764253942911,"endTime":1764253942918.2976,"status":"passed","message":"","name":"/Users/filipljoljic/Desktop/board-game-tracker/lib/leaderboard.test.ts"},{"assertionResults":[{"ancestorTitles":["calculateRawScore"],"fullName":"calculateRawScore should calculate total with multipliers","status":"passed","title":"should calculate total with multipliers","duration":1.3959029999999757,"failureMessages":[],"meta":{}},{"ancestorTitles":["calculateRawScore"],"fullName":"calculateRawScore should handle missing multiplier (default to 1)","status":"passed","title":"should handle missing multiplier (default to 1)","duration":0.3192469999999048,"failureMessages":[],"meta":{}},{"ancestorTitles":["calculateRawScore"],"fullName":"calculateRawScore should handle missing score values (default to 0)","status":"passed","title":"should handle missing score values (default to 0)","duration":0.26709699999992154,"failureMessages":[],"meta":{}},{"ancestorTitles":["calculateRawScore"],"fullName":"calculateRawScore should return 0 for empty score details","status":"passed","title":"should return 0 for empty score details","duration":0.232586000000083,"failureMessages":[],"meta":{}},{"ancestorTitles":["calculateTotalFromTemplate"],"fullName":"calculateTotalFromTemplate should parse JSON and calculate total","status":"passed","title":"should parse JSON and calculate total","duration":0.297266000000036,"failureMessages":[],"meta":{}},{"ancestorTitles":["calculateTotalFromTemplate"],"fullName":"calculateTotalFromTemplate should return 0 for invalid JSON","status":"passed","title":"should return 0 for invalid JSON","duration":0.19818999999995413,"failureMessages":[],"meta":{}},{"ancestorTitles":["assignPlacements"],"fullName":"assignPlacements should assign placements based on raw scores (descending)","status":"passed","title":"should assign placements based on raw scores (descending)","duration":1.45828999999992,"failureMessages":[],"meta":{}},{"ancestorTitles":["assignPlacements"],"fullName":"assignPlacements should handle tied scores (maintain order)","status":"passed","title":"should handle tied scores (maintain order)","duration":0.21264100000007602,"failureMessages":[],"meta":{}},{"ancestorTitles":["assignPlacements"],"fullName":"assignPlacements should handle single player","status":"passed","title":"should handle single player","duration":0.17601300000001174,"failureMessages":[],"meta":{}},{"ancestorTitles":["assignPlacements"],"fullName":"assignPlacements should return empty array for empty input","status":"passed","title":"should return empty array for empty input","duration":0.31322499999998854,"failureMessages":[],"meta":{}},{"ancestorTitles":["calculateLeaguePoints"],"fullName":"calculateLeaguePoints should calculate points correctly for 4 players","status":"passed","title":"should calculate points correctly for 4 players","duration":0.2636490000001004,"failureMessages":[],"meta":{}},{"ancestorTitles":["calculateLeaguePoints"],"fullName":"calculateLeaguePoints should calculate points correctly for 2 players","status":"passed","title":"should calculate points correctly for 2 players","duration":0.14974000000006527,"failureMessages":[],"meta":{}},{"ancestorTitles":["calculateLeaguePoints"],"fullName":"calculateLeaguePoints should throw error for invalid placement","status":"passed","title":"should throw error for invalid placement","duration":1.0663899999999558,"failureMessages":[],"meta":{}},{"ancestorTitles":["assignLeaguePoints"],"fullName":"assignLeaguePoints should assign points based on placements","status":"passed","title":"should assign points based on placements","duration":0.2839859999999135,"failureMessages":[],"meta":{}},{"ancestorTitles":["processPlayerScores"],"fullName":"processPlayerScores should assign placements and points in one call","status":"passed","title":"should assign placements and points in one call","duration":0.3813589999999749,"failureMessages":[],"meta":{}},{"ancestorTitles":["processPlayerScores"],"fullName":"processPlayerScores should handle empty player list","status":"passed","title":"should handle empty player list","duration":0.14035999999998694,"failureMessages":[],"meta":{}},{"ancestorTitles":["parseTemplateFields"],"fullName":"parseTemplateFields should parse valid JSON fields","status":"passed","title":"should parse valid JSON fields","duration":0.9984409999999571,"failureMessages":[],"meta":{}},{"ancestorTitles":["parseTemplateFields"],"fullName":"parseTemplateFields should default multiplier to 1 if not provided","status":"passed","title":"should default multiplier to 1 if not provided","duration":0.1639740000000529,"failureMessages":[],"meta":{}},{"ancestorTitles":["parseTemplateFields"],"fullName":"parseTemplateFields should throw error for invalid JSON","status":"passed","title":"should throw error for invalid JSON","duration":0.23629700000003595,"failureMessages":[],"meta":{}},{"ancestorTitles":["parseTemplateFields"],"fullName":"parseTemplateFields should throw error for non-array JSON","status":"passed","title":"should throw error for non-array JSON","duration":0.24164599999994607,"failureMessages":[],"meta":{}},{"ancestorTitles":["parseTemplateFields"],"fullName":"parseTemplateFields should throw error for fields missing key or label","status":"passed","title":"should throw error for fields missing key or label","duration":0.26161100000001625,"failureMessages":[],"meta":{}},{"ancestorTitles":["validateTemplateFields"],"fullName":"validateTemplateFields should return true for valid fields","status":"passed","title":"should return true for valid fields","duration":0.18994799999995848,"failureMessages":[],"meta":{}},{"ancestorTitles":["validateTemplateFields"],"fullName":"validateTemplateFields should return false for non-array","status":"passed","title":"should return false for non-array","duration":0.11265600000001541,"failureMessages":[],"meta":{}},{"ancestorTitles":["validateTemplateFields"],"fullName":"validateTemplateFields should return false for fields missing key","status":"passed","title":"should return false for fields missing key","duration":0.12469499999997424,"failureMessages":[],"meta":{}},{"ancestorTitles":["validateTemplateFields"],"fullName":"validateTemplateFields should return false for fields with invalid multiplier type","status":"passed","title":"should return false for fields with invalid multiplier type","duration":0.11894600000005084,"failureMessages":[],"meta":{}},{"ancestorTitles":["validateTemplateFields"],"fullName":"validateTemplateFields should return true for fields without multiplier","status":"passed","title":"should return true for fields without multiplier","duration":0.12991499999998268,"failureMessages":[],"meta":{}}],"startTime":1764253942164,"endTime":1764253942174.19,"status":"passed","message":"","name":"/Users/filipljoljic/Desktop/board-game-tracker/lib/scoring.test.ts"},{"assertionResults":[{"ancestorTitles":["GET /api/games"],"fullName":"GET /api/games should return all games with session counts","status":"passed","title":"should return all games with session counts","duration":20.238066000000003,"failureMessages":[],"meta":{}},{"ancestorTitles":["GET /api/games"],"fullName":"GET /api/games should return empty array when no games exist","status":"passed","title":"should return empty array when no games exist","duration":5.460757000000058,"failureMessages":[],"meta":{}},{"ancestorTitles":["GET /api/games"],"fullName":"GET /api/games should handle database errors gracefully","status":"passed","title":"should handle database errors gracefully","duration":1.683571000000029,"failureMessages":[],"meta":{}},{"ancestorTitles":["POST /api/games"],"fullName":"POST /api/games should create a game with valid name","status":"passed","title":"should create a game with valid name","duration":6.8034679999999526,"failureMessages":[],"meta":{}},{"ancestorTitles":["POST /api/games"],"fullName":"POST /api/games should return 400 when name is missing","status":"passed","title":"should return 400 when name is missing","duration":3.9039920000000166,"failureMessages":[],"meta":{}},{"ancestorTitles":["POST /api/games"],"fullName":"POST /api/games should return 400 when name is empty string","status":"passed","title":"should return 400 when name is empty string","duration":2.4753529999999273,"failureMessages":[],"meta":{}},{"ancestorTitles":["POST /api/games"],"fullName":"POST /api/games should trim whitespace from game name","status":"passed","title":"should trim whitespace from game name","duration":4.444148000000041,"failureMessages":[],"meta":{}}],"startTime":1764253941370,"endTime":1764253941415.444,"status":"passed","message":"","name":"/Users/filipljoljic/Desktop/board-game-tracker/app/api/games/route.test.ts"},{"assertionResults":[{"ancestorTitles":["GET /api/groups"],"fullName":"GET /api/groups should return all groups","status":"passed","title":"should return all groups","duration":20.95437699999991,"failureMessages":[],"meta":{}},{"ancestorTitles":["GET /api/groups"],"fullName":"GET /api/groups should return empty array when no groups exist","status":"passed","title":"should return empty array when no groups exist","duration":6.201430000000073,"failureMessages":[],"meta":{}},{"ancestorTitles":["POST /api/groups"],"fullName":"POST /api/groups should create a group with valid name","status":"passed","title":"should create a group with valid name","duration":8.699238000000037,"failureMessages":[],"meta":{}},{"ancestorTitles":["POST /api/groups"],"fullName":"POST /api/groups should return 400 when name is missing","status":"passed","title":"should return 400 when name is missing","duration":3.67048699999998,"failureMessages":[],"meta":{}},{"ancestorTitles":["POST /api/groups"],"fullName":"POST /api/groups should return 400 when name is empty string","status":"passed","title":"should return 400 when name is empty string","duration":2.768195999999989,"failureMessages":[],"meta":{}},{"ancestorTitles":["POST /api/groups"],"fullName":"POST /api/groups should handle long group names","status":"passed","title":"should handle long group names","duration":24.151992000000064,"failureMessages":[],"meta":{}}],"startTime":1764253940429,"endTime":1764253940495.152,"status":"passed","message":"","name":"/Users/filipljoljic/Desktop/board-game-tracker/app/api/groups/route.test.ts"},{"assertionResults":[{"ancestorTitles":["POST /api/sessions"],"fullName":"POST /api/sessions should create a session with player scores","status":"passed","title":"should create a session with player scores","duration":77.69547299999988,"failureMessages":[],"meta":{}},{"ancestorTitles":["POST /api/sessions"],"fullName":"POST /api/sessions should handle scoreDetails as object and convert to JSON","status":"passed","title":"should handle scoreDetails as object and convert to JSON","duration":28.58341900000005,"failureMessages":[],"meta":{}},{"ancestorTitles":["POST /api/sessions"],"fullName":"POST /api/sessions should create session with template ID","status":"passed","title":"should create session with template ID","duration":29.807271000000128,"failureMessages":[],"meta":{}},{"ancestorTitles":["POST /api/sessions"],"fullName":"POST /api/sessions should return 500 when required fields are missing","status":"passed","title":"should return 500 when required fields are missing","duration":41.73927600000002,"failureMessages":[],"meta":{}},{"ancestorTitles":["GET /api/sessions"],"fullName":"GET /api/sessions should return all sessions when no filter is provided","status":"passed","title":"should return all sessions when no filter is provided","duration":32.77247599999987,"failureMessages":[],"meta":{}},{"ancestorTitles":["GET /api/sessions"],"fullName":"GET /api/sessions should filter sessions by groupId","status":"passed","title":"should filter sessions by groupId","duration":32.651161,"failureMessages":[],"meta":{}},{"ancestorTitles":["GET /api/sessions"],"fullName":"GET /api/sessions should order sessions by playedAt descending","status":"passed","title":"should order sessions by playedAt descending","duration":41.897572999999966,"failureMessages":[],"meta":{}},{"ancestorTitles":["GET /api/sessions"],"fullName":"GET /api/sessions should include game and player details","status":"passed","title":"should include game and player details","duration":40.1810509999998,"failureMessages":[],"meta":{}}],"startTime":1764253937846,"endTime":1764253938172.1812,"status":"passed","message":"","name":"/Users/filipljoljic/Desktop/board-game-tracker/app/api/sessions/route.test.ts"},{"assertionResults":[{"ancestorTitles":["GET /api/users"],"fullName":"GET /api/users should return all users ordered by name","status":"passed","title":"should return all users ordered by name","duration":20.99398199999996,"failureMessages":[],"meta":{}},{"ancestorTitles":["GET /api/users"],"fullName":"GET /api/users should return empty array when no users exist","status":"passed","title":"should return empty array when no users exist","duration":6.425035999999977,"failureMessages":[],"meta":{}},{"ancestorTitles":["GET /api/users"],"fullName":"GET /api/users should include user properties","status":"passed","title":"should include user properties","duration":6.0568439999999555,"failureMessages":[],"meta":{}},{"ancestorTitles":["POST /api/users"],"fullName":"POST /api/users should create a user with name and email","status":"passed","title":"should create a user with name and email","duration":9.759292000000073,"failureMessages":[],"meta":{}},{"ancestorTitles":["POST /api/users"],"fullName":"POST /api/users should create a user without email (guest)","status":"passed","title":"should create a user without email (guest)","duration":7.78078800000003,"failureMessages":[],"meta":{}},{"ancestorTitles":["POST /api/users"],"fullName":"POST /api/users should return 400 when name is missing","status":"passed","title":"should return 400 when name is missing","duration":4.688736000000063,"failureMessages":[],"meta":{}},{"ancestorTitles":["POST /api/users"],"fullName":"POST /api/users should return 400 when name is empty string","status":"passed","title":"should return 400 when name is empty string","duration":3.8816530000000284,"failureMessages":[],"meta":{}},{"ancestorTitles":["POST /api/users"],"fullName":"POST /api/users should handle duplicate email gracefully","status":"passed","title":"should handle duplicate email gracefully","duration":15.598457000000053,"failureMessages":[],"meta":{}}],"startTime":1764253939514,"endTime":1764253939590.5984,"status":"passed","message":"","name":"/Users/filipljoljic/Desktop/board-game-tracker/app/api/users/route.test.ts"}]}